kotlin version: 2.0.0-Beta3
error message: org.jetbrains.kotlin.backend.common.CompilationException: Back-end: Please report this problem https://kotl.in/issue
C:/codes/Java/Projects/GodSimulator/src/main/kotlin/org/ndk/godsimulator/extension/Player.kt:-1:-1
Details: Internal error in file lowering: java.lang.AssertionError: Error occurred while optimizing an expression:
GET_FIELD 'FIELD IR_EXTERNAL_JAVA_DECLARATION_STUB name:playerConnection type:@[FlexibleNullability] net.minecraft.server.v1_12_R1.PlayerConnection? visibility:public' type=@[FlexibleNullability] net.minecraft.server.v1_12_R1.PlayerConnection? origin=GET_PROPERTY
  receiver: CALL 'public open fun getHandle (): @[FlexibleNullability] net.minecraft.server.v1_12_R1.EntityPlayer? declared in org.bukkit.craftbukkit.v1_12_R1.entity.CraftPlayer' type=@[FlexibleNullability] net.minecraft.server.v1_12_R1.EntityPlayer? origin=GET_PROPERTY
    $this: GET_VAR 'val craftPlayer: org.bukkit.craftbukkit.v1_12_R1.entity.CraftPlayer [val] declared in org.ndk.godsimulator.extension.sendPackets' type=org.bukkit.craftbukkit.v1_12_R1.entity.CraftPlayer origin=null

	at org.jetbrains.kotlin.ir.interpreter.transformer.IrConstTransformer.canBeInterpreted(IrConstTransformer.kt:130)
	at org.jetbrains.kotlin.ir.interpreter.transformer.IrConstExpressionTransformer.visitGetField(IrConstExpressionTransformer.kt:67)
	at org.jetbrains.kotlin.ir.interpreter.transformer.IrConstExpressionTransformer.visitGetField(IrConstExpressionTransformer.kt:25)
	at org.jetbrains.kotlin.ir.expressions.IrGetField.accept(IrGetField.kt:21)
	at org.jetbrains.kotlin.ir.expressions.IrExpression.transform(IrExpression.kt:30)
	at org.jetbrains.kotlin.ir.declarations.IrVariable.transformChildren(IrVariable.kt:45)
	at org.jetbrains.kotlin.ir.visitors.IrElementTransformer$DefaultImpls.visitDeclaration(IrElementTransformer.kt:27)
	at org.jetbrains.kotlin.ir.interpreter.transformer.IrConstTransformer.visitDeclaration(IrConstTransformer.kt:90)
	at org.jetbrains.kotlin.ir.interpreter.transformer.IrConstTransformer.visitDeclaration(IrConstTransformer.kt:90)
	at org.jetbrains.kotlin.ir.visitors.IrElementTransformer$DefaultImpls.visitVariable(IrElementTransformer.kt:79)
	at org.jetbrains.kotlin.ir.interpreter.transformer.IrConstTransformer.visitVariable(IrConstTransformer.kt:90)
	at org.jetbrains.kotlin.ir.interpreter.transformer.IrConstTransformer.visitVariable(IrConstTransformer.kt:90)
	at org.jetbrains.kotlin.ir.declarations.IrVariable.accept(IrVariable.kt:38)
	at org.jetbrains.kotlin.ir.IrElementBase.transform(IrElementBase.kt:24)
	at org.jetbrains.kotlin.ir.util.TransformKt.transformInPlace(transform.kt:35)
	at org.jetbrains.kotlin.ir.expressions.IrContainerExpression.transformChildren(IrContainerExpression.kt:31)
	at org.jetbrains.kotlin.ir.visitors.IrElementTransformer$DefaultImpls.visitExpression(IrElementTransformer.kt:95)
	at org.jetbrains.kotlin.ir.interpreter.transformer.IrConstTransformer.visitExpression(IrConstTransformer.kt:90)
	at org.jetbrains.kotlin.ir.interpreter.transformer.IrConstTransformer.visitExpression(IrConstTransformer.kt:90)
	at org.jetbrains.kotlin.ir.visitors.IrElementTransformer$DefaultImpls.visitContainerExpression(IrElementTransformer.kt:135)
	at org.jetbrains.kotlin.ir.interpreter.transformer.IrConstTransformer.visitContainerExpression(IrConstTransformer.kt:90)
	at org.jetbrains.kotlin.ir.interpreter.transformer.IrConstTransformer.visitContainerExpression(IrConstTransformer.kt:90)
	at org.jetbrains.kotlin.ir.visitors.IrElementTransformer$DefaultImpls.visitBlock(IrElementTransformer.kt:138)
	at org.jetbrains.kotlin.ir.interpreter.transformer.IrConstTransformer.visitBlock(IrConstTransformer.kt:90)
	at org.jetbrains.kotlin.ir.interpreter.transformer.IrConstTransformer.visitBlock(IrConstTransformer.kt:90)
	at org.jetbrains.kotlin.ir.expressions.IrBlock.accept(IrBlock.kt:20)
	at org.jetbrains.kotlin.ir.expressions.IrExpression.transform(IrExpression.kt:30)
	at org.jetbrains.kotlin.ir.expressions.IrExpression.transform(IrExpression.kt:22)
	at org.jetbrains.kotlin.ir.util.TransformKt.transformInPlace(transform.kt:35)
	at org.jetbrains.kotlin.ir.expressions.IrContainerExpression.transformChildren(IrContainerExpression.kt:31)
	at org.jetbrains.kotlin.ir.visitors.IrElementTransformer$DefaultImpls.visitExpression(IrElementTransformer.kt:95)
	at org.jetbrains.kotlin.ir.interpreter.transformer.IrConstTransformer.visitExpression(IrConstTransformer.kt:90)
	at org.jetbrains.kotlin.ir.interpreter.transformer.IrConstTransformer.visitExpression(IrConstTransformer.kt:90)
	at org.jetbrains.kotlin.ir.visitors.IrElementTransformer$DefaultImpls.visitContainerExpression(IrElementTransformer.kt:135)
	at org.jetbrains.kotlin.ir.interpreter.transformer.IrConstTransformer.visitContainerExpression(IrConstTransformer.kt:90)
	at org.jetbrains.kotlin.ir.interpreter.transformer.IrConstTransformer.visitContainerExpression(IrConstTransformer.kt:90)
	at org.jetbrains.kotlin.ir.visitors.IrElementTransformer$DefaultImpls.visitBlock(IrElementTransformer.kt:138)
	at org.jetbrains.kotlin.ir.interpreter.transformer.IrConstTransformer.visitBlock(IrConstTransformer.kt:90)
	at org.jetbrains.kotlin.ir.interpreter.transformer.IrConstTransformer.visitBlock(IrConstTransformer.kt:90)
	at org.jetbrains.kotlin.ir.expressions.IrBlock.accept(IrBlock.kt:20)
	at org.jetbrains.kotlin.ir.expressions.IrExpression.transform(IrExpression.kt:30)
	at org.jetbrains.kotlin.ir.expressions.IrTypeOperatorCall.transformChildren(IrTypeOperatorCall.kt:35)
	at org.jetbrains.kotlin.ir.visitors.IrElementTransformer$DefaultImpls.visitExpression(IrElementTransformer.kt:95)
	at org.jetbrains.kotlin.ir.interpreter.transformer.IrConstTransformer.visitExpression(IrConstTransformer.kt:90)
	at org.jetbrains.kotlin.ir.interpreter.transformer.IrConstTransformer.visitExpression(IrConstTransformer.kt:90)
	at org.jetbrains.kotlin.ir.visitors.IrElementTransformer$DefaultImpls.visitTypeOperator(IrElementTransformer.kt:268)
	at org.jetbrains.kotlin.ir.interpreter.transformer.IrConstTransformer.visitTypeOperator(IrConstTransformer.kt:90)
	at org.jetbrains.kotlin.ir.interpreter.transformer.IrConstTransformer.visitTypeOperator(IrConstTransformer.kt:90)
	at org.jetbrains.kotlin.ir.expressions.IrTypeOperatorCall.accept(IrTypeOperatorCall.kt:28)
	at org.jetbrains.kotlin.ir.expressions.IrExpression.transform(IrExpression.kt:30)
	at org.jetbrains.kotlin.ir.expressions.IrExpression.transform(IrExpression.kt:22)
	at org.jetbrains.kotlin.ir.util.TransformKt.transformInPlace(transform.kt:35)
	at org.jetbrains.kotlin.ir.expressions.IrContainerExpression.transformChildren(IrContainerExpression.kt:31)
	at org.jetbrains.kotlin.ir.visitors.IrElementTransformer$DefaultImpls.visitExpression(IrElementTransformer.kt:95)
	at org.jetbrains.kotlin.ir.interpreter.transformer.IrConstTransformer.visitExpression(IrConstTransformer.kt:90)
	at org.jetbrains.kotlin.ir.interpreter.transformer.IrConstTransformer.visitExpression(IrConstTransformer.kt:90)
	at org.jetbrains.kotlin.ir.visitors.IrElementTransformer$DefaultImpls.visitContainerExpression(IrElementTransformer.kt:135)
	at org.jetbrains.kotlin.ir.interpreter.transformer.IrConstTransformer.visitContainerExpression(IrConstTransformer.kt:90)
	at org.jetbrains.kotlin.ir.interpreter.transformer.IrConstTransformer.visitContainerExpression(IrConstTransformer.kt:90)
	at org.jetbrains.kotlin.ir.visitors.IrElementTransformer$DefaultImpls.visitBlock(IrElementTransformer.kt:138)
	at org.jetbrains.kotlin.ir.interpreter.transformer.IrConstTransformer.visitBlock(IrConstTransformer.kt:90)
	at org.jetbrains.kotlin.ir.interpreter.transformer.IrConstTransformer.visitBlock(IrConstTransformer.kt:90)
	at org.jetbrains.kotlin.ir.expressions.IrBlock.accept(IrBlock.kt:20)
	at org.jetbrains.kotlin.ir.expressions.IrExpression.transform(IrExpression.kt:30)
	at org.jetbrains.kotlin.ir.expressions.IrWhileLoop.transformChildren(IrWhileLoop.kt:30)
	at org.jetbrains.kotlin.ir.visitors.IrElementTransformer$DefaultImpls.visitExpression(IrElementTransformer.kt:95)
	at org.jetbrains.kotlin.ir.interpreter.transformer.IrConstTransformer.visitExpression(IrConstTransformer.kt:90)
	at org.jetbrains.kotlin.ir.interpreter.transformer.IrConstTransformer.visitExpression(IrConstTransformer.kt:90)
	at org.jetbrains.kotlin.ir.visitors.IrElementTransformer$DefaultImpls.visitLoop(IrElementTransformer.kt:236)
	at org.jetbrains.kotlin.ir.interpreter.transformer.IrConstTransformer.visitLoop(IrConstTransformer.kt:90)
	at org.jetbrains.kotlin.ir.interpreter.transformer.IrConstTransformer.visitLoop(IrConstTransformer.kt:90)
	at org.jetbrains.kotlin.ir.visitors.IrElementTransformer$DefaultImpls.visitWhileLoop(IrElementTransformer.kt:239)
	at org.jetbrains.kotlin.ir.interpreter.transformer.IrConstTransformer.visitWhileLoop(IrConstTransformer.kt:90)
	at org.jetbrains.kotlin.ir.interpreter.transformer.IrConstTransformer.visitWhileLoop(IrConstTransformer.kt:90)
	at org.jetbrains.kotlin.ir.expressions.IrWhileLoop.accept(IrWhileLoop.kt:21)
	at org.jetbrains.kotlin.ir.expressions.IrExpression.transform(IrExpression.kt:30)
	at org.jetbrains.kotlin.ir.expressions.IrExpression.transform(IrExpression.kt:22)
	at org.jetbrains.kotlin.ir.util.TransformKt.transformInPlace(transform.kt:35)
	at org.jetbrains.kotlin.ir.expressions.IrContainerExpression.transformChildren(IrContainerExpression.kt:31)
	at org.jetbrains.kotlin.ir.visitors.IrElementTransformer$DefaultImpls.visitExpression(IrElementTransformer.kt:95)
	at org.jetbrains.kotlin.ir.interpreter.transformer.IrConstTransformer.visitExpression(IrConstTransformer.kt:90)
	at org.jetbrains.kotlin.ir.interpreter.transformer.IrConstTransformer.visitExpression(IrConstTransformer.kt:90)
	at org.jetbrains.kotlin.ir.visitors.IrElementTransformer$DefaultImpls.visitContainerExpression(IrElementTransformer.kt:135)
	at org.jetbrains.kotlin.ir.interpreter.transformer.IrConstTransformer.visitContainerExpression(IrConstTransformer.kt:90)
	at org.jetbrains.kotlin.ir.interpreter.transformer.IrConstTransformer.visitContainerExpression(IrConstTransformer.kt:90)
	at org.jetbrains.kotlin.ir.visitors.IrElementTransformer$DefaultImpls.visitBlock(IrElementTransformer.kt:138)
	at org.jetbrains.kotlin.ir.interpreter.transformer.IrConstTransformer.visitBlock(IrConstTransformer.kt:90)
	at org.jetbrains.kotlin.ir.interpreter.transformer.IrConstTransformer.visitBlock(IrConstTransformer.kt:90)
	at org.jetbrains.kotlin.ir.expressions.IrBlock.accept(IrBlock.kt:20)
	at org.jetbrains.kotlin.ir.expressions.IrExpression.transform(IrExpression.kt:30)
	at org.jetbrains.kotlin.ir.expressions.IrExpression.transform(IrExpression.kt:22)
	at org.jetbrains.kotlin.ir.util.TransformKt.transformInPlace(transform.kt:35)
	at org.jetbrains.kotlin.ir.expressions.IrBlockBody.transformChildren(IrBlockBody.kt:32)
	at org.jetbrains.kotlin.ir.visitors.IrElementTransformer$DefaultImpls.visitBody(IrElementTransformer.kt:100)
	at org.jetbrains.kotlin.ir.interpreter.transformer.IrConstTransformer.visitBody(IrConstTransformer.kt:90)
	at org.jetbrains.kotlin.ir.interpreter.transformer.IrConstTransformer.visitBody(IrConstTransformer.kt:90)
	at org.jetbrains.kotlin.ir.visitors.IrElementTransformer$DefaultImpls.visitBlockBody(IrElementTransformer.kt:108)
	at org.jetbrains.kotlin.ir.interpreter.transformer.IrConstTransformer.visitBlockBody(IrConstTransformer.kt:90)
	at org.jetbrains.kotlin.ir.interpreter.transformer.IrConstTransformer.visitBlockBody(IrConstTransformer.kt:90)
	at org.jetbrains.kotlin.ir.expressions.IrBlockBody.accept(IrBlockBody.kt:25)
	at org.jetbrains.kotlin.ir.expressions.IrBody.transform(IrBody.kt:22)
	at org.jetbrains.kotlin.ir.declarations.IrFunction.transformChildren(IrFunction.kt:60)
	at org.jetbrains.kotlin.ir.visitors.IrElementTransformer$DefaultImpls.visitDeclaration(IrElementTransformer.kt:27)
	at org.jetbrains.kotlin.ir.interpreter.transformer.IrConstTransformer.visitDeclaration(IrConstTransformer.kt:90)
	at org.jetbrains.kotlin.ir.interpreter.transformer.IrConstTransformer.visitDeclaration(IrConstTransformer.kt:90)
	at org.jetbrains.kotlin.ir.visitors.IrElementTransformer$DefaultImpls.visitFunction(IrElementTransformer.kt:44)
	at org.jetbrains.kotlin.ir.interpreter.transformer.IrConstTransformer.visitFunction(IrConstTransformer.kt:90)
	at org.jetbrains.kotlin.ir.interpreter.transformer.IrConstExpressionTransformer.visitFunction(IrConstExpressionTransformer.kt:44)
	at org.jetbrains.kotlin.ir.interpreter.transformer.IrConstExpressionTransformer.visitFunction(IrConstExpressionTransformer.kt:25)
	at org.jetbrains.kotlin.ir.visitors.IrElementTransformer$DefaultImpls.visitSimpleFunction(IrElementTransformer.kt:73)
	at org.jetbrains.kotlin.ir.interpreter.transformer.IrConstTransformer.visitSimpleFunction(IrConstTransformer.kt:90)
	at org.jetbrains.kotlin.ir.interpreter.transformer.IrConstTransformer.visitSimpleFunction(IrConstTransformer.kt:90)
	at org.jetbrains.kotlin.ir.declarations.IrSimpleFunction.accept(IrSimpleFunction.kt:36)
	at org.jetbrains.kotlin.ir.IrElementBase.transform(IrElementBase.kt:24)
	at org.jetbrains.kotlin.ir.util.TransformKt.transformInPlace(transform.kt:35)
	at org.jetbrains.kotlin.ir.declarations.IrFile.transformChildren(IrFile.kt:40)
	at org.jetbrains.kotlin.ir.visitors.IrElementTransformer$DefaultImpls.visitFile(IrElementTransformer.kt:90)
	at org.jetbrains.kotlin.ir.interpreter.transformer.IrConstTransformer.visitFile(IrConstTransformer.kt:90)
	at org.jetbrains.kotlin.ir.interpreter.transformer.IrConstTransformer.visitFile(IrConstTransformer.kt:90)
	at org.jetbrains.kotlin.ir.declarations.IrFile.accept(IrFile.kt:30)
	at org.jetbrains.kotlin.ir.declarations.IrFile.transform(IrFile.kt:33)
	at org.jetbrains.kotlin.ir.interpreter.transformer.IrConstTransformerKt.runConstOptimizations(IrConstTransformer.kt:76)
	at org.jetbrains.kotlin.backend.common.lower.ConstEvaluationLowering.lower(ConstEvaluationLowering.kt:29)
	at org.jetbrains.kotlin.backend.common.LowerKt.lower(Lower.kt:76)
	at org.jetbrains.kotlin.backend.common.phaser.PhaseBuildersKt$makeIrModulePhase$2.invoke(PhaseBuilders.kt:157)
	at org.jetbrains.kotlin.backend.common.phaser.PhaseBuildersKt$makeIrModulePhase$2.invoke(PhaseBuilders.kt:149)
	at org.jetbrains.kotlin.backend.common.phaser.PhaseBuildersKt$createSimpleNamedCompilerPhase$1.phaseBody(PhaseBuilders.kt:72)
	at org.jetbrains.kotlin.backend.common.phaser.SimpleNamedCompilerPhase.phaseBody(CompilerPhase.kt:226)
	at org.jetbrains.kotlin.backend.common.phaser.AbstractNamedCompilerPhase.invoke(CompilerPhase.kt:113)
	at org.jetbrains.kotlin.backend.common.phaser.CompositePhase.invoke(PhaseBuilders.kt:30)
	at org.jetbrains.kotlin.backend.common.phaser.CompositePhase.invoke(PhaseBuilders.kt:17)
	at org.jetbrains.kotlin.backend.common.phaser.NamedCompilerPhase.phaseBody(CompilerPhase.kt:166)
	at org.jetbrains.kotlin.backend.common.phaser.AbstractNamedCompilerPhase.invoke(CompilerPhase.kt:113)
	at org.jetbrains.kotlin.backend.common.phaser.CompilerPhaseKt.invokeToplevel(CompilerPhase.kt:62)
	at org.jetbrains.kotlin.backend.jvm.JvmIrCodegenFactory.invokeLowerings(JvmIrCodegenFactory.kt:354)
	at org.jetbrains.kotlin.codegen.CodegenFactory.generateModule(CodegenFactory.kt:44)
	at org.jetbrains.kotlin.backend.jvm.JvmIrCodegenFactory.generateModuleInFrontendIRMode(JvmIrCodegenFactory.kt:385)
	at org.jetbrains.kotlin.cli.jvm.compiler.pipeline.CompilerPipelineKt.generateCodeFromIr(compilerPipeline.kt:260)
	at org.jetbrains.kotlin.cli.jvm.compiler.pipeline.CompilerPipelineKt.compileModulesUsingFrontendIrAndLightTree(compilerPipeline.kt:151)
	at org.jetbrains.kotlin.cli.jvm.K2JVMCompiler.doExecute(K2JVMCompiler.kt:156)
	at org.jetbrains.kotlin.cli.jvm.K2JVMCompiler.doExecute(K2JVMCompiler.kt:50)
	at org.jetbrains.kotlin.cli.common.CLICompiler.execImpl(CLICompiler.kt:104)
	at org.jetbrains.kotlin.cli.common.CLICompiler.execImpl(CLICompiler.kt:48)
	at org.jetbrains.kotlin.cli.common.CLITool.exec(CLITool.kt:101)
	at org.jetbrains.kotlin.incremental.IncrementalJvmCompilerRunner.runCompiler(IncrementalJvmCompilerRunner.kt:453)
	at org.jetbrains.kotlin.incremental.IncrementalJvmCompilerRunner.runCompiler(IncrementalJvmCompilerRunner.kt:62)
	at org.jetbrains.kotlin.incremental.IncrementalCompilerRunner.doCompile(IncrementalCompilerRunner.kt:502)
	at org.jetbrains.kotlin.incremental.IncrementalCompilerRunner.compileImpl(IncrementalCompilerRunner.kt:420)
	at org.jetbrains.kotlin.incremental.IncrementalCompilerRunner.compileNonIncrementally(IncrementalCompilerRunner.kt:301)
	at org.jetbrains.kotlin.incremental.IncrementalCompilerRunner.compile(IncrementalCompilerRunner.kt:129)
	at org.jetbrains.kotlin.daemon.CompileServiceImplBase.execIncrementalCompiler(CompileServiceImpl.kt:687)
	at org.jetbrains.kotlin.daemon.CompileServiceImplBase.access$execIncrementalCompiler(CompileServiceImpl.kt:103)
	at org.jetbrains.kotlin.daemon.CompileServiceImpl.compile(CompileServiceImpl.kt:1674)
	at sun.reflect.NativeMethodAccessorImpl.invoke0(Native Method)
	at sun.reflect.NativeMethodAccessorImpl.invoke(NativeMethodAccessorImpl.java:62)
	at sun.reflect.DelegatingMethodAccessorImpl.invoke(DelegatingMethodAccessorImpl.java:43)
	at java.lang.reflect.Method.invoke(Method.java:498)
	at sun.rmi.server.UnicastServerRef.dispatch(UnicastServerRef.java:357)
	at sun.rmi.transport.Transport$1.run(Transport.java:200)
	at sun.rmi.transport.Transport$1.run(Transport.java:197)
	at java.security.AccessController.doPrivileged(Native Method)
	at sun.rmi.transport.Transport.serviceCall(Transport.java:196)
	at sun.rmi.transport.tcp.TCPTransport.handleMessages(TCPTransport.java:573)
	at sun.rmi.transport.tcp.TCPTransport$ConnectionHandler.run0(TCPTransport.java:834)
	at sun.rmi.transport.tcp.TCPTransport$ConnectionHandler.lambda$run$0(TCPTransport.java:688)
	at java.security.AccessController.doPrivileged(Native Method)
	at sun.rmi.transport.tcp.TCPTransport$ConnectionHandler.run(TCPTransport.java:687)
	at java.util.concurrent.ThreadPoolExecutor.runWorker(ThreadPoolExecutor.java:1149)
	at java.util.concurrent.ThreadPoolExecutor$Worker.run(ThreadPoolExecutor.java:624)
	at java.lang.Thread.run(Thread.java:750)
Caused by: java.lang.AssertionError: Error occurred while optimizing an expression:
GET_FIELD 'FIELD IR_EXTERNAL_JAVA_DECLARATION_STUB name:playerConnection type:@[FlexibleNullability] net.minecraft.server.v1_12_R1.PlayerConnection? visibility:public' type=@[FlexibleNullability] net.minecraft.server.v1_12_R1.PlayerConnection? origin=GET_PROPERTY
  receiver: CALL 'public open fun getHandle (): @[FlexibleNullability] net.minecraft.server.v1_12_R1.EntityPlayer? declared in org.bukkit.craftbukkit.v1_12_R1.entity.CraftPlayer' type=@[FlexibleNullability] net.minecraft.server.v1_12_R1.EntityPlayer? origin=GET_PROPERTY
    $this: GET_VAR 'val craftPlayer: org.bukkit.craftbukkit.v1_12_R1.entity.CraftPlayer [val] declared in org.ndk.godsimulator.extension.sendPackets' type=org.bukkit.craftbukkit.v1_12_R1.entity.CraftPlayer origin=null

	... 170 more
Caused by: org.jetbrains.kotlin.utils.exceptions.KotlinIllegalArgumentExceptionWithAttachments: Exception was thrown during transformation of class org.jetbrains.kotlin.fir.java.declarations.FirJavaField
	at org.jetbrains.kotlin.fir.backend.generators.Fir2IrCallableDeclarationsGenerator.createIrField$fir2ir(Fir2IrCallableDeclarationsGenerator.kt:1336)
	at org.jetbrains.kotlin.fir.backend.Fir2IrDeclarationStorage.createAndCacheIrField(Fir2IrDeclarationStorage.kt:893)
	at org.jetbrains.kotlin.fir.backend.Fir2IrDeclarationStorage.createAndCacheIrField$default(Fir2IrDeclarationStorage.kt:883)
	at org.jetbrains.kotlin.fir.backend.Fir2IrDeclarationStorage.getOrCreateIrField(Fir2IrDeclarationStorage.kt:819)
	at org.jetbrains.kotlin.fir.lazy.Fir2IrLazyClass$declarations$2$addDeclarationsFromScope$2.invoke(Fir2IrLazyClass.kt:207)
	at org.jetbrains.kotlin.fir.lazy.Fir2IrLazyClass$declarations$2$addDeclarationsFromScope$2.invoke(Fir2IrLazyClass.kt:204)
	at org.jetbrains.kotlin.fir.scopes.impl.FirStaticScope$processPropertiesByName$1.invoke(FirStaticScope.kt:35)
	at org.jetbrains.kotlin.fir.scopes.impl.FirStaticScope$processPropertiesByName$1.invoke(FirStaticScope.kt:33)
	at org.jetbrains.kotlin.fir.java.scopes.JavaClassStaticEnhancementScope$processPropertiesByName$1.invoke(JavaClassStaticEnhancementScope.kt:25)
	at org.jetbrains.kotlin.fir.java.scopes.JavaClassStaticEnhancementScope$processPropertiesByName$1.invoke(JavaClassStaticEnhancementScope.kt:24)
	at org.jetbrains.kotlin.fir.java.scopes.JavaClassStaticUseSiteScope.processPropertiesByName(JavaClassStaticUseSiteScope.kt:123)
	at org.jetbrains.kotlin.fir.java.scopes.JavaClassStaticEnhancementScope.processPropertiesByName(JavaClassStaticEnhancementScope.kt:24)
	at org.jetbrains.kotlin.fir.scopes.impl.FirStaticScope.processPropertiesByName(FirStaticScope.kt:33)
	at org.jetbrains.kotlin.fir.scopes.impl.FirNameAwareOnlyCallablesScope.processPropertiesByName(FirOnlyCallablesScope.kt:36)
	at org.jetbrains.kotlin.fir.lazy.Fir2IrLazyClass$declarations$2.invoke$addDeclarationsFromScope(Fir2IrLazyClass.kt:204)
	at org.jetbrains.kotlin.fir.lazy.Fir2IrLazyClass$declarations$2.invoke(Fir2IrLazyClass.kt:222)
	at org.jetbrains.kotlin.fir.lazy.Fir2IrLazyClass$declarations$2.invoke(Fir2IrLazyClass.kt:157)
	at org.jetbrains.kotlin.ir.declarations.lazy.SynchronizedLazyVar.getValue(lazyUtil.kt:29)
	at org.jetbrains.kotlin.ir.declarations.lazy.SynchronizedLazyVar.getValue(lazyUtil.kt:40)
	at org.jetbrains.kotlin.fir.lazy.Fir2IrLazyClass.getDeclarations(Fir2IrLazyClass.kt:157)
	at org.jetbrains.kotlin.ir.interpreter.checker.IrInterpreterCommonChecker.getInnerDeclarations(IrInterpreterCommonChecker.kt:39)
	at org.jetbrains.kotlin.ir.interpreter.checker.IrInterpreterCommonChecker.access$getInnerDeclarations(IrInterpreterCommonChecker.kt:26)
	at org.jetbrains.kotlin.ir.interpreter.checker.IrInterpreterCommonChecker.visitGetField(IrInterpreterCommonChecker.kt:198)
	at org.jetbrains.kotlin.ir.interpreter.checker.IrInterpreterCommonChecker.visitGetField(IrInterpreterCommonChecker.kt:26)
	at org.jetbrains.kotlin.ir.expressions.IrGetField.accept(IrGetField.kt:21)
	at org.jetbrains.kotlin.ir.interpreter.transformer.IrConstTransformer.canBeInterpreted(IrConstTransformer.kt:125)
	... 169 more
Caused by: java.lang.IllegalStateException: IrFieldPublicSymbolImpl for net.minecraft.server.v1_12_R1/EntityPlayer.f|[0] is already bound: FIELD IR_EXTERNAL_JAVA_DECLARATION_STUB name:f type:kotlin.Boolean visibility:public
	at org.jetbrains.kotlin.ir.symbols.impl.IrBindablePublicSymbolBase.bind(IrPublicSymbolBase.kt:69)
	at org.jetbrains.kotlin.ir.declarations.impl.IrFieldImpl.<init>(IrFieldImpl.kt:34)
	at org.jetbrains.kotlin.ir.declarations.impl.AbstractIrFactoryImpl.createField(IrFactoryImpl.kt:110)
	at org.jetbrains.kotlin.fir.backend.generators.Fir2IrCallableDeclarationsGenerator.createIrField$fir2ir(Fir2IrCallableDeclarationsGenerator.kt:547)
	... 194 more


